  [1m[35m (14.1ms)[0m  [1m[35mCREATE TABLE "schema_migrations" ("version" character varying NOT NULL PRIMARY KEY)[0m
  [1m[35m (30.1ms)[0m  [1m[35mCREATE TABLE "ar_internal_metadata" ("key" character varying NOT NULL PRIMARY KEY, "value" character varying, "created_at" timestamp NOT NULL, "updated_at" timestamp NOT NULL)[0m
  [1m[35m (0.2ms)[0m  [1m[34mSELECT pg_try_advisory_lock(1155153604792342470)[0m
  [1m[35m (0.8ms)[0m  [1m[34mSELECT "schema_migrations"."version" FROM "schema_migrations" ORDER BY "schema_migrations"."version" ASC[0m
Migrating to CreateUsers (20180309150858)
  [1m[35m (0.2ms)[0m  [1m[35mBEGIN[0m
  [1m[35m (27.4ms)[0m  [1m[35mCREATE TABLE "users" ("id" bigserial primary key, "username" character varying, "session_token" character varying, "password_digest" character varying, "created_at" timestamp NOT NULL, "updated_at" timestamp NOT NULL)[0m
  [1m[35m (0.9ms)[0m  [1m[35mCREATE  INDEX  "index_users_on_username" ON "users"  ("username")[0m
  [1m[35m (1.2ms)[0m  [1m[35mCREATE  INDEX  "index_users_on_session_token" ON "users"  ("session_token")[0m
  [1m[35mSQL (0.4ms)[0m  [1m[32mINSERT INTO "schema_migrations" ("version") VALUES ($1) RETURNING "version"[0m  [["version", "20180309150858"]]
  [1m[35m (0.4ms)[0m  [1m[35mCOMMIT[0m
Migrating to CreatePosts (20180309150945)
  [1m[35m (6.0ms)[0m  [1m[35mBEGIN[0m
  [1m[35m (21.2ms)[0m  [1m[35mCREATE TABLE "posts" ("id" bigserial primary key, "description" text, "image_url" character varying, "user_id" bigint, "created_at" timestamp NOT NULL, "updated_at" timestamp NOT NULL)[0m
  [1m[35m (1.0ms)[0m  [1m[35mCREATE  INDEX  "index_posts_on_user_id" ON "posts"  ("user_id")[0m
  [1m[35mSQL (0.2ms)[0m  [1m[32mINSERT INTO "schema_migrations" ("version") VALUES ($1) RETURNING "version"[0m  [["version", "20180309150945"]]
  [1m[35m (0.4ms)[0m  [1m[35mCOMMIT[0m
Migrating to CreateMessages (20180309151020)
  [1m[35m (0.2ms)[0m  [1m[35mBEGIN[0m
  [1m[35m (2.7ms)[0m  [1m[35mCREATE TABLE "messages" ("id" bigserial primary key, "description" text, "user_id" bigint)[0m
  [1m[35m (0.6ms)[0m  [1m[35mCREATE  INDEX  "index_messages_on_user_id" ON "messages"  ("user_id")[0m
  [1m[35mSQL (0.2ms)[0m  [1m[32mINSERT INTO "schema_migrations" ("version") VALUES ($1) RETURNING "version"[0m  [["version", "20180309151020"]]
  [1m[35m (0.6ms)[0m  [1m[35mCOMMIT[0m
  [1m[36mActiveRecord::InternalMetadata Load (0.2ms)[0m  [1m[34mSELECT  "ar_internal_metadata".* FROM "ar_internal_metadata" WHERE "ar_internal_metadata"."key" = $1 LIMIT $2[0m  [["key", "environment"], ["LIMIT", 1]]
  [1m[35m (0.1ms)[0m  [1m[35mBEGIN[0m
  [1m[35mSQL (0.3ms)[0m  [1m[32mINSERT INTO "ar_internal_metadata" ("key", "value", "created_at", "updated_at") VALUES ($1, $2, $3, $4) RETURNING "key"[0m  [["key", "environment"], ["value", "development"], ["created_at", "2018-03-09 15:19:40.717913"], ["updated_at", "2018-03-09 15:19:40.717913"]]
  [1m[35m (0.3ms)[0m  [1m[35mCOMMIT[0m
  [1m[35m (0.2ms)[0m  [1m[34mSELECT pg_advisory_unlock(1155153604792342470)[0m
  [1m[35m (0.2ms)[0m  [1m[34mSELECT "schema_migrations"."version" FROM "schema_migrations" ORDER BY "schema_migrations"."version" ASC[0m
Started GET "/prisons" for 127.0.0.1 at 2018-03-11 01:46:50 -0500
  [1m[35m (1.7ms)[0m  [1m[34mSELECT "schema_migrations"."version" FROM "schema_migrations" ORDER BY "schema_migrations"."version" ASC[0m
  
ActionController::RoutingError (No route matches [GET] "/prisons"):
  
actionpack (5.1.5) lib/action_dispatch/middleware/debug_exceptions.rb:63:in `call'
actionpack (5.1.5) lib/action_dispatch/middleware/show_exceptions.rb:31:in `call'
railties (5.1.5) lib/rails/rack/logger.rb:36:in `call_app'
railties (5.1.5) lib/rails/rack/logger.rb:24:in `block in call'
activesupport (5.1.5) lib/active_support/tagged_logging.rb:69:in `block in tagged'
activesupport (5.1.5) lib/active_support/tagged_logging.rb:26:in `tagged'
activesupport (5.1.5) lib/active_support/tagged_logging.rb:69:in `tagged'
railties (5.1.5) lib/rails/rack/logger.rb:24:in `call'
actionpack (5.1.5) lib/action_dispatch/middleware/remote_ip.rb:79:in `call'
actionpack (5.1.5) lib/action_dispatch/middleware/request_id.rb:25:in `call'
rack (2.0.4) lib/rack/runtime.rb:22:in `call'
activesupport (5.1.5) lib/active_support/cache/strategy/local_cache_middleware.rb:27:in `call'
actionpack (5.1.5) lib/action_dispatch/middleware/executor.rb:12:in `call'
actionpack (5.1.5) lib/action_dispatch/middleware/static.rb:125:in `call'
rack (2.0.4) lib/rack/sendfile.rb:111:in `call'
rack-cors (1.0.2) lib/rack/cors.rb:97:in `call'
railties (5.1.5) lib/rails/engine.rb:522:in `call'
puma (3.11.3) lib/puma/configuration.rb:225:in `call'
puma (3.11.3) lib/puma/server.rb:624:in `handle_request'
puma (3.11.3) lib/puma/server.rb:438:in `process_client'
puma (3.11.3) lib/puma/server.rb:302:in `block in run'
puma (3.11.3) lib/puma/thread_pool.rb:120:in `block in spawn_thread'
Started GET "/" for 127.0.0.1 at 2018-03-11 03:01:14 -0400
Processing by SessionsController#new as HTML
Completed 500 Internal Server Error in 42ms (ActiveRecord: 0.0ms)


  
NoMethodError (undefined method `ensure_signed_out' for #<SessionsController:0x00007fbcd3a04ca8>):
  
activesupport (5.1.5) lib/active_support/callbacks.rb:413:in `block in make_lambda'
activesupport (5.1.5) lib/active_support/callbacks.rb:178:in `block (2 levels) in halting_and_conditional'
actionpack (5.1.5) lib/abstract_controller/callbacks.rb:12:in `block (2 levels) in <module:Callbacks>'
activesupport (5.1.5) lib/active_support/callbacks.rb:179:in `block in halting_and_conditional'
activesupport (5.1.5) lib/active_support/callbacks.rb:507:in `block in invoke_before'
activesupport (5.1.5) lib/active_support/callbacks.rb:507:in `each'
activesupport (5.1.5) lib/active_support/callbacks.rb:507:in `invoke_before'
activesupport (5.1.5) lib/active_support/callbacks.rb:130:in `run_callbacks'
actionpack (5.1.5) lib/abstract_controller/callbacks.rb:19:in `process_action'
actionpack (5.1.5) lib/action_controller/metal/rescue.rb:20:in `process_action'
actionpack (5.1.5) lib/action_controller/metal/instrumentation.rb:32:in `block in process_action'
activesupport (5.1.5) lib/active_support/notifications.rb:166:in `block in instrument'
activesupport (5.1.5) lib/active_support/notifications/instrumenter.rb:21:in `instrument'
activesupport (5.1.5) lib/active_support/notifications.rb:166:in `instrument'
actionpack (5.1.5) lib/action_controller/metal/instrumentation.rb:30:in `process_action'
actionpack (5.1.5) lib/action_controller/metal/params_wrapper.rb:252:in `process_action'
activerecord (5.1.5) lib/active_record/railties/controller_runtime.rb:22:in `process_action'
actionpack (5.1.5) lib/abstract_controller/base.rb:124:in `process'
actionpack (5.1.5) lib/action_controller/metal.rb:189:in `dispatch'
actionpack (5.1.5) lib/action_controller/metal.rb:253:in `dispatch'
actionpack (5.1.5) lib/action_dispatch/routing/route_set.rb:49:in `dispatch'
actionpack (5.1.5) lib/action_dispatch/routing/route_set.rb:31:in `serve'
actionpack (5.1.5) lib/action_dispatch/journey/router.rb:50:in `block in serve'
actionpack (5.1.5) lib/action_dispatch/journey/router.rb:33:in `each'
actionpack (5.1.5) lib/action_dispatch/journey/router.rb:33:in `serve'
actionpack (5.1.5) lib/action_dispatch/routing/route_set.rb:844:in `call'
rack (2.0.4) lib/rack/etag.rb:25:in `call'
rack (2.0.4) lib/rack/conditional_get.rb:25:in `call'
rack (2.0.4) lib/rack/head.rb:12:in `call'
activerecord (5.1.5) lib/active_record/migration.rb:556:in `call'
actionpack (5.1.5) lib/action_dispatch/middleware/callbacks.rb:26:in `block in call'
activesupport (5.1.5) lib/active_support/callbacks.rb:97:in `run_callbacks'
actionpack (5.1.5) lib/action_dispatch/middleware/callbacks.rb:24:in `call'
actionpack (5.1.5) lib/action_dispatch/middleware/executor.rb:12:in `call'
actionpack (5.1.5) lib/action_dispatch/middleware/debug_exceptions.rb:59:in `call'
actionpack (5.1.5) lib/action_dispatch/middleware/show_exceptions.rb:31:in `call'
railties (5.1.5) lib/rails/rack/logger.rb:36:in `call_app'
railties (5.1.5) lib/rails/rack/logger.rb:24:in `block in call'
activesupport (5.1.5) lib/active_support/tagged_logging.rb:69:in `block in tagged'
activesupport (5.1.5) lib/active_support/tagged_logging.rb:26:in `tagged'
activesupport (5.1.5) lib/active_support/tagged_logging.rb:69:in `tagged'
railties (5.1.5) lib/rails/rack/logger.rb:24:in `call'
actionpack (5.1.5) lib/action_dispatch/middleware/remote_ip.rb:79:in `call'
actionpack (5.1.5) lib/action_dispatch/middleware/request_id.rb:25:in `call'
rack (2.0.4) lib/rack/runtime.rb:22:in `call'
activesupport (5.1.5) lib/active_support/cache/strategy/local_cache_middleware.rb:27:in `call'
actionpack (5.1.5) lib/action_dispatch/middleware/executor.rb:12:in `call'
actionpack (5.1.5) lib/action_dispatch/middleware/static.rb:125:in `call'
rack (2.0.4) lib/rack/sendfile.rb:111:in `call'
rack-cors (1.0.2) lib/rack/cors.rb:97:in `call'
railties (5.1.5) lib/rails/engine.rb:522:in `call'
puma (3.11.3) lib/puma/configuration.rb:225:in `call'
puma (3.11.3) lib/puma/server.rb:624:in `handle_request'
puma (3.11.3) lib/puma/server.rb:438:in `process_client'
puma (3.11.3) lib/puma/server.rb:302:in `block in run'
puma (3.11.3) lib/puma/thread_pool.rb:120:in `block in spawn_thread'
Started GET "/" for 127.0.0.1 at 2018-03-11 03:03:07 -0400
Processing by SessionsController#new as HTML
Completed 500 Internal Server Error in 42ms (ActiveRecord: 0.0ms)


  
NoMethodError (undefined method `ensure_signed_out' for #<SessionsController:0x00007fbcd7a45ab0>):
  
activesupport (5.1.5) lib/active_support/callbacks.rb:413:in `block in make_lambda'
activesupport (5.1.5) lib/active_support/callbacks.rb:178:in `block (2 levels) in halting_and_conditional'
actionpack (5.1.5) lib/abstract_controller/callbacks.rb:12:in `block (2 levels) in <module:Callbacks>'
activesupport (5.1.5) lib/active_support/callbacks.rb:179:in `block in halting_and_conditional'
activesupport (5.1.5) lib/active_support/callbacks.rb:507:in `block in invoke_before'
activesupport (5.1.5) lib/active_support/callbacks.rb:507:in `each'
activesupport (5.1.5) lib/active_support/callbacks.rb:507:in `invoke_before'
activesupport (5.1.5) lib/active_support/callbacks.rb:130:in `run_callbacks'
actionpack (5.1.5) lib/abstract_controller/callbacks.rb:19:in `process_action'
actionpack (5.1.5) lib/action_controller/metal/rescue.rb:20:in `process_action'
actionpack (5.1.5) lib/action_controller/metal/instrumentation.rb:32:in `block in process_action'
activesupport (5.1.5) lib/active_support/notifications.rb:166:in `block in instrument'
activesupport (5.1.5) lib/active_support/notifications/instrumenter.rb:21:in `instrument'
activesupport (5.1.5) lib/active_support/notifications.rb:166:in `instrument'
actionpack (5.1.5) lib/action_controller/metal/instrumentation.rb:30:in `process_action'
actionpack (5.1.5) lib/action_controller/metal/params_wrapper.rb:252:in `process_action'
activerecord (5.1.5) lib/active_record/railties/controller_runtime.rb:22:in `process_action'
actionpack (5.1.5) lib/abstract_controller/base.rb:124:in `process'
actionpack (5.1.5) lib/action_controller/metal.rb:189:in `dispatch'
actionpack (5.1.5) lib/action_controller/metal.rb:253:in `dispatch'
actionpack (5.1.5) lib/action_dispatch/routing/route_set.rb:49:in `dispatch'
actionpack (5.1.5) lib/action_dispatch/routing/route_set.rb:31:in `serve'
actionpack (5.1.5) lib/action_dispatch/journey/router.rb:50:in `block in serve'
actionpack (5.1.5) lib/action_dispatch/journey/router.rb:33:in `each'
actionpack (5.1.5) lib/action_dispatch/journey/router.rb:33:in `serve'
actionpack (5.1.5) lib/action_dispatch/routing/route_set.rb:844:in `call'
rack (2.0.4) lib/rack/etag.rb:25:in `call'
rack (2.0.4) lib/rack/conditional_get.rb:25:in `call'
rack (2.0.4) lib/rack/head.rb:12:in `call'
activerecord (5.1.5) lib/active_record/migration.rb:556:in `call'
actionpack (5.1.5) lib/action_dispatch/middleware/callbacks.rb:26:in `block in call'
activesupport (5.1.5) lib/active_support/callbacks.rb:97:in `run_callbacks'
actionpack (5.1.5) lib/action_dispatch/middleware/callbacks.rb:24:in `call'
actionpack (5.1.5) lib/action_dispatch/middleware/executor.rb:12:in `call'
actionpack (5.1.5) lib/action_dispatch/middleware/debug_exceptions.rb:59:in `call'
actionpack (5.1.5) lib/action_dispatch/middleware/show_exceptions.rb:31:in `call'
railties (5.1.5) lib/rails/rack/logger.rb:36:in `call_app'
railties (5.1.5) lib/rails/rack/logger.rb:24:in `block in call'
activesupport (5.1.5) lib/active_support/tagged_logging.rb:69:in `block in tagged'
activesupport (5.1.5) lib/active_support/tagged_logging.rb:26:in `tagged'
activesupport (5.1.5) lib/active_support/tagged_logging.rb:69:in `tagged'
railties (5.1.5) lib/rails/rack/logger.rb:24:in `call'
actionpack (5.1.5) lib/action_dispatch/middleware/remote_ip.rb:79:in `call'
actionpack (5.1.5) lib/action_dispatch/middleware/request_id.rb:25:in `call'
rack (2.0.4) lib/rack/runtime.rb:22:in `call'
activesupport (5.1.5) lib/active_support/cache/strategy/local_cache_middleware.rb:27:in `call'
actionpack (5.1.5) lib/action_dispatch/middleware/executor.rb:12:in `call'
actionpack (5.1.5) lib/action_dispatch/middleware/static.rb:125:in `call'
rack (2.0.4) lib/rack/sendfile.rb:111:in `call'
rack-cors (1.0.2) lib/rack/cors.rb:97:in `call'
railties (5.1.5) lib/rails/engine.rb:522:in `call'
puma (3.11.3) lib/puma/configuration.rb:225:in `call'
puma (3.11.3) lib/puma/server.rb:624:in `handle_request'
puma (3.11.3) lib/puma/server.rb:438:in `process_client'
puma (3.11.3) lib/puma/server.rb:302:in `block in run'
puma (3.11.3) lib/puma/thread_pool.rb:120:in `block in spawn_thread'
  [1m[35m (0.9ms)[0m  [1m[34mSELECT "schema_migrations"."version" FROM "schema_migrations" ORDER BY "schema_migrations"."version" ASC[0m
  [1m[35m (0.9ms)[0m  [1m[34mSELECT "ar_internal_metadata"."value" FROM "ar_internal_metadata" WHERE "ar_internal_metadata"."key" = $1[0m  [["key", "environment"]]
  [1m[35m (0.2ms)[0m  [1m[34mSELECT "schema_migrations"."version" FROM "schema_migrations" ORDER BY "schema_migrations"."version" ASC[0m
  [1m[35m (0.2ms)[0m  [1m[34mSELECT "ar_internal_metadata"."value" FROM "ar_internal_metadata" WHERE "ar_internal_metadata"."key" = $1[0m  [["key", "environment"]]
  [1m[35m (0.2ms)[0m  [1m[34mSELECT "schema_migrations"."version" FROM "schema_migrations" ORDER BY "schema_migrations"."version" ASC[0m
  [1m[35m (0.2ms)[0m  [1m[34mSELECT "ar_internal_metadata"."value" FROM "ar_internal_metadata" WHERE "ar_internal_metadata"."key" = $1[0m  [["key", "environment"]]
  [1m[35m (183.1ms)[0m  [1m[35mDROP DATABASE IF EXISTS "barterME_app_development"[0m
  [1m[35m (194.6ms)[0m  [1m[35mDROP DATABASE IF EXISTS "barterME_app_test"[0m
  [1m[35m (8.6ms)[0m  [1m[35mCREATE TABLE "schema_migrations" ("version" character varying NOT NULL PRIMARY KEY)[0m
  [1m[35m (3.5ms)[0m  [1m[35mCREATE TABLE "ar_internal_metadata" ("key" character varying NOT NULL PRIMARY KEY, "value" character varying, "created_at" timestamp NOT NULL, "updated_at" timestamp NOT NULL)[0m
  [1m[35m (0.2ms)[0m  [1m[34mSELECT pg_try_advisory_lock(1155153604792342470)[0m
  [1m[35m (0.4ms)[0m  [1m[34mSELECT "schema_migrations"."version" FROM "schema_migrations" ORDER BY "schema_migrations"."version" ASC[0m
Migrating to CreateUsers (20180309150858)
  [1m[35m (0.1ms)[0m  [1m[35mBEGIN[0m
  [1m[35m (15.2ms)[0m  [1m[35mCREATE TABLE "users" ("id" bigserial primary key, "username" character varying, "session_token" character varying, "password_digest" character varying, "created_at" timestamp NOT NULL, "updated_at" timestamp NOT NULL)[0m
  [1m[35m (1.8ms)[0m  [1m[35mCREATE  INDEX  "index_users_on_username" ON "users"  ("username")[0m
  [1m[35m (0.9ms)[0m  [1m[35mCREATE  INDEX  "index_users_on_session_token" ON "users"  ("session_token")[0m
  [1m[35mSQL (0.4ms)[0m  [1m[32mINSERT INTO "schema_migrations" ("version") VALUES ($1) RETURNING "version"[0m  [["version", "20180309150858"]]
  [1m[35m (1.3ms)[0m  [1m[35mCOMMIT[0m
Migrating to CreatePosts (20180309150945)
  [1m[35m (6.0ms)[0m  [1m[35mBEGIN[0m
  [1m[35m (20.8ms)[0m  [1m[35mCREATE TABLE "posts" ("id" bigserial primary key, "description" text, "image_url" character varying, "user_id" bigint, "created_at" timestamp NOT NULL, "updated_at" timestamp NOT NULL)[0m
  [1m[35m (1.1ms)[0m  [1m[35mCREATE  INDEX  "index_posts_on_user_id" ON "posts"  ("user_id")[0m
  [1m[35mSQL (0.3ms)[0m  [1m[32mINSERT INTO "schema_migrations" ("version") VALUES ($1) RETURNING "version"[0m  [["version", "20180309150945"]]
  [1m[35m (0.3ms)[0m  [1m[35mCOMMIT[0m
Migrating to CreateMessages (20180309151020)
  [1m[35m (5.5ms)[0m  [1m[35mBEGIN[0m
  [1m[35m (15.4ms)[0m  [1m[35mCREATE TABLE "messages" ("id" bigserial primary key, "description" text, "user_id" bigint)[0m
  [1m[35m (5.4ms)[0m  [1m[35mCREATE  INDEX  "index_messages_on_user_id" ON "messages"  ("user_id")[0m
  [1m[35mSQL (0.3ms)[0m  [1m[32mINSERT INTO "schema_migrations" ("version") VALUES ($1) RETURNING "version"[0m  [["version", "20180309151020"]]
  [1m[35m (1.4ms)[0m  [1m[35mCOMMIT[0m
  [1m[36mActiveRecord::InternalMetadata Load (0.3ms)[0m  [1m[34mSELECT  "ar_internal_metadata".* FROM "ar_internal_metadata" WHERE "ar_internal_metadata"."key" = $1 LIMIT $2[0m  [["key", "environment"], ["LIMIT", 1]]
  [1m[35m (0.1ms)[0m  [1m[35mBEGIN[0m
  [1m[35mSQL (0.3ms)[0m  [1m[32mINSERT INTO "ar_internal_metadata" ("key", "value", "created_at", "updated_at") VALUES ($1, $2, $3, $4) RETURNING "key"[0m  [["key", "environment"], ["value", "development"], ["created_at", "2018-03-12 01:26:49.297096"], ["updated_at", "2018-03-12 01:26:49.297096"]]
  [1m[35m (0.3ms)[0m  [1m[35mCOMMIT[0m
  [1m[35m (0.2ms)[0m  [1m[34mSELECT pg_advisory_unlock(1155153604792342470)[0m
  [1m[35m (0.2ms)[0m  [1m[34mSELECT "schema_migrations"."version" FROM "schema_migrations" ORDER BY "schema_migrations"."version" ASC[0m
Started GET "/bottles" for 127.0.0.1 at 2018-03-11 21:27:23 -0400
  [1m[35m (0.5ms)[0m  [1m[34mSELECT "schema_migrations"."version" FROM "schema_migrations" ORDER BY "schema_migrations"."version" ASC[0m
  
ActionController::RoutingError (No route matches [GET] "/bottles"):
  
actionpack (5.1.5) lib/action_dispatch/middleware/debug_exceptions.rb:63:in `call'
actionpack (5.1.5) lib/action_dispatch/middleware/show_exceptions.rb:31:in `call'
railties (5.1.5) lib/rails/rack/logger.rb:36:in `call_app'
railties (5.1.5) lib/rails/rack/logger.rb:24:in `block in call'
activesupport (5.1.5) lib/active_support/tagged_logging.rb:69:in `block in tagged'
activesupport (5.1.5) lib/active_support/tagged_logging.rb:26:in `tagged'
activesupport (5.1.5) lib/active_support/tagged_logging.rb:69:in `tagged'
railties (5.1.5) lib/rails/rack/logger.rb:24:in `call'
actionpack (5.1.5) lib/action_dispatch/middleware/remote_ip.rb:79:in `call'
actionpack (5.1.5) lib/action_dispatch/middleware/request_id.rb:25:in `call'
rack (2.0.4) lib/rack/runtime.rb:22:in `call'
activesupport (5.1.5) lib/active_support/cache/strategy/local_cache_middleware.rb:27:in `call'
actionpack (5.1.5) lib/action_dispatch/middleware/executor.rb:12:in `call'
actionpack (5.1.5) lib/action_dispatch/middleware/static.rb:125:in `call'
rack (2.0.4) lib/rack/sendfile.rb:111:in `call'
rack-cors (1.0.2) lib/rack/cors.rb:97:in `call'
railties (5.1.5) lib/rails/engine.rb:522:in `call'
puma (3.11.3) lib/puma/configuration.rb:225:in `call'
puma (3.11.3) lib/puma/server.rb:624:in `handle_request'
puma (3.11.3) lib/puma/server.rb:438:in `process_client'
puma (3.11.3) lib/puma/server.rb:302:in `block in run'
puma (3.11.3) lib/puma/thread_pool.rb:120:in `block in spawn_thread'
Started POST "/users/" for 127.0.0.1 at 2018-03-11 21:27:50 -0400
Processing by UsersController#create as HTML
  Parameters: {"username"=>"hellotest", "password"=>"[FILTERED]", "user"=>{"username"=>"hellotest"}}
  [1m[35m (0.2ms)[0m  [1m[35mBEGIN[0m
  [1m[36mUser Exists (13.7ms)[0m  [1m[34mSELECT  1 AS one FROM "users" WHERE "users"."username" = $1 LIMIT $2[0m  [["username", "hellotest"], ["LIMIT", 1]]
  [1m[35mSQL (0.9ms)[0m  [1m[32mINSERT INTO "users" ("username", "password_digest", "created_at", "updated_at") VALUES ($1, $2, $3, $4) RETURNING "id"[0m  [["username", "hellotest"], ["password_digest", "$2a$10$kAl3KFPcJdF7jYUlYU59zul9tDInE.zy7kOVp7XyM9rm.c6GAPrVy"], ["created_at", "2018-03-12 01:27:50.463260"], ["updated_at", "2018-03-12 01:27:50.463260"]]
  [1m[35m (6.3ms)[0m  [1m[35mCOMMIT[0m
Completed 200 OK in 105ms (Views: 0.3ms | ActiveRecord: 33.0ms)


Started GET "/isLoggedIn" for 127.0.0.1 at 2018-03-11 21:28:00 -0400
  
ActionController::RoutingError (No route matches [GET] "/isLoggedIn"):
  
actionpack (5.1.5) lib/action_dispatch/middleware/debug_exceptions.rb:63:in `call'
actionpack (5.1.5) lib/action_dispatch/middleware/show_exceptions.rb:31:in `call'
railties (5.1.5) lib/rails/rack/logger.rb:36:in `call_app'
railties (5.1.5) lib/rails/rack/logger.rb:24:in `block in call'
activesupport (5.1.5) lib/active_support/tagged_logging.rb:69:in `block in tagged'
activesupport (5.1.5) lib/active_support/tagged_logging.rb:26:in `tagged'
activesupport (5.1.5) lib/active_support/tagged_logging.rb:69:in `tagged'
railties (5.1.5) lib/rails/rack/logger.rb:24:in `call'
actionpack (5.1.5) lib/action_dispatch/middleware/remote_ip.rb:79:in `call'
actionpack (5.1.5) lib/action_dispatch/middleware/request_id.rb:25:in `call'
rack (2.0.4) lib/rack/runtime.rb:22:in `call'
activesupport (5.1.5) lib/active_support/cache/strategy/local_cache_middleware.rb:27:in `call'
actionpack (5.1.5) lib/action_dispatch/middleware/executor.rb:12:in `call'
actionpack (5.1.5) lib/action_dispatch/middleware/static.rb:125:in `call'
rack (2.0.4) lib/rack/sendfile.rb:111:in `call'
rack-cors (1.0.2) lib/rack/cors.rb:97:in `call'
railties (5.1.5) lib/rails/engine.rb:522:in `call'
puma (3.11.3) lib/puma/configuration.rb:225:in `call'
puma (3.11.3) lib/puma/server.rb:624:in `handle_request'
puma (3.11.3) lib/puma/server.rb:438:in `process_client'
puma (3.11.3) lib/puma/server.rb:302:in `block in run'
puma (3.11.3) lib/puma/thread_pool.rb:120:in `block in spawn_thread'
Started POST "/users/login" for 127.0.0.1 at 2018-03-11 21:31:22 -0400
Started GET "/isLoggedIn" for 127.0.0.1 at 2018-03-11 21:31:32 -0400
Processing by UsersController#login as HTML
  Parameters: {"username"=>"hellotest", "password"=>"[FILTERED]", "user"=>{"username"=>"hellotest"}}
  [1m[36mUser Load (0.5ms)[0m  [1m[34mSELECT  "users".* FROM "users" WHERE "users"."username" = $1 LIMIT $2[0m  [["username", "hellotest"], ["LIMIT", 1]]
Completed 200 OK in 83ms (Views: 0.7ms | ActiveRecord: 4.4ms)


Processing by UsersController#is_logged_in as HTML
Completed 401 Unauthorized in 0ms (Views: 0.1ms | ActiveRecord: 0.0ms)


Started GET "/isLoggedIn" for 127.0.0.1 at 2018-03-11 21:31:32 -0400
Processing by UsersController#is_logged_in as HTML
Completed 401 Unauthorized in 0ms (Views: 0.1ms | ActiveRecord: 0.0ms)


Started POST "/users/login" for 127.0.0.1 at 2018-03-11 21:35:50 -0400
Processing by UsersController#login as HTML
  Parameters: {"username"=>"hellotest", "password"=>"[FILTERED]", "user"=>{"username"=>"hellotest"}}
  [1m[36mUser Load (0.2ms)[0m  [1m[34mSELECT  "users".* FROM "users" WHERE "users"."username" = $1 LIMIT $2[0m  [["username", "hellotest"], ["LIMIT", 1]]
Completed 200 OK in 74ms (Views: 0.4ms | ActiveRecord: 3.3ms)


Started GET "/isLoggedIn" for 127.0.0.1 at 2018-03-11 21:36:08 -0400
Processing by UsersController#is_logged_in as HTML
  [1m[36mUser Load (0.2ms)[0m  [1m[34mSELECT  "users".* FROM "users" WHERE "users"."id" = $1 LIMIT $2[0m  [["id", 1], ["LIMIT", 1]]
Completed 200 OK in 2ms (Views: 0.4ms | ActiveRecord: 0.4ms)


Started GET "/bottles" for 127.0.0.1 at 2018-03-11 21:36:20 -0400
Processing by BottlesController#index as HTML
  [1m[36mUser Load (0.3ms)[0m  [1m[34mSELECT  "users".* FROM "users" WHERE "users"."id" = $1 LIMIT $2[0m  [["id", 1], ["LIMIT", 1]]
Completed 200 OK in 2ms (Views: 0.2ms | ActiveRecord: 0.3ms)


Started POST "/users/login" for 127.0.0.1 at 2018-03-11 21:37:02 -0400
Processing by UsersController#login as HTML
  Parameters: {"username"=>"hellotest", "password"=>"[FILTERED]", "user"=>{"username"=>"hellotest"}}
  [1m[36mUser Load (0.2ms)[0m  [1m[34mSELECT  "users".* FROM "users" WHERE "users"."username" = $1 LIMIT $2[0m  [["username", "hellotest"], ["LIMIT", 1]]
Completed 200 OK in 71ms (Views: 0.4ms | ActiveRecord: 0.2ms)


Started GET "/isLoggedIn" for 127.0.0.1 at 2018-03-11 21:37:05 -0400
Processing by UsersController#is_logged_in as HTML
  [1m[36mUser Load (0.3ms)[0m  [1m[34mSELECT  "users".* FROM "users" WHERE "users"."id" = $1 LIMIT $2[0m  [["id", 1], ["LIMIT", 1]]
Completed 200 OK in 2ms (Views: 0.3ms | ActiveRecord: 0.3ms)


Started POST "/users/login" for 127.0.0.1 at 2018-03-11 21:46:55 -0400
Processing by UsersController#login as HTML
  Parameters: {"username"=>"mariofan", "password"=>"[FILTERED]", "user"=>{"username"=>"mariofan"}}
  [1m[36mUser Load (0.3ms)[0m  [1m[34mSELECT  "users".* FROM "users" WHERE "users"."username" = $1 LIMIT $2[0m  [["username", "mariofan"], ["LIMIT", 1]]
Completed 200 OK in 1ms (Views: 0.1ms | ActiveRecord: 0.3ms)


Started GET "/isLoggedIn" for 127.0.0.1 at 2018-03-11 21:46:58 -0400
Processing by UsersController#is_logged_in as HTML
Completed 500 Internal Server Error in 0ms (ActiveRecord: 0.0ms)


  
TypeError (class or module required for rescue clause):
  
app/controllers/application_controller.rb:12:in `rescue in decode'
app/controllers/application_controller.rb:8:in `decode'
app/controllers/application_controller.rb:22:in `block in find_current_user'
app/controllers/application_controller.rb:21:in `find_current_user'
app/controllers/application_controller.rb:17:in `current_user'
app/controllers/users_controller.rb:35:in `is_logged_in'
Started POST "/users/login" for 127.0.0.1 at 2018-03-11 21:47:53 -0400
Processing by UsersController#login as HTML
  Parameters: {"username"=>"mariofan", "password"=>"[FILTERED]", "user"=>{"username"=>"mariofan"}}
  [1m[36mUser Load (0.3ms)[0m  [1m[34mSELECT  "users".* FROM "users" WHERE "users"."username" = $1 LIMIT $2[0m  [["username", "mariofan"], ["LIMIT", 1]]
Completed 200 OK in 1ms (Views: 0.1ms | ActiveRecord: 0.3ms)


Started GET "/isLoggedIn" for 127.0.0.1 at 2018-03-11 21:47:57 -0400
Processing by UsersController#is_logged_in as HTML
Completed 500 Internal Server Error in 0ms (ActiveRecord: 0.0ms)


  
TypeError (class or module required for rescue clause):
  
app/controllers/application_controller.rb:12:in `rescue in decode'
app/controllers/application_controller.rb:8:in `decode'
app/controllers/application_controller.rb:22:in `block in find_current_user'
app/controllers/application_controller.rb:21:in `find_current_user'
app/controllers/application_controller.rb:17:in `current_user'
app/controllers/users_controller.rb:35:in `is_logged_in'
Started POST "/users/" for 127.0.0.1 at 2018-03-11 21:48:11 -0400
Processing by UsersController#create as HTML
  Parameters: {"username"=>"mariofan", "password"=>"[FILTERED]", "user"=>{"username"=>"mariofan"}}
  [1m[35m (0.1ms)[0m  [1m[35mBEGIN[0m
  [1m[36mUser Exists (0.3ms)[0m  [1m[34mSELECT  1 AS one FROM "users" WHERE "users"."username" = $1 LIMIT $2[0m  [["username", "mariofan"], ["LIMIT", 1]]
  [1m[35mSQL (0.2ms)[0m  [1m[32mINSERT INTO "users" ("username", "password_digest", "created_at", "updated_at") VALUES ($1, $2, $3, $4) RETURNING "id"[0m  [["username", "mariofan"], ["password_digest", "$2a$10$wEyo1qthXGgBNxE75XImoOts1.rpBF/y7JFjzhg5HyJ63U5Fa4wl6"], ["created_at", "2018-03-12 01:48:11.817359"], ["updated_at", "2018-03-12 01:48:11.817359"]]
  [1m[35m (1.2ms)[0m  [1m[35mCOMMIT[0m
Completed 200 OK in 78ms (Views: 0.1ms | ActiveRecord: 1.9ms)


Started GET "/isLoggedIn" for 127.0.0.1 at 2018-03-11 21:48:14 -0400
Processing by UsersController#is_logged_in as HTML
  [1m[36mUser Load (0.3ms)[0m  [1m[34mSELECT  "users".* FROM "users" WHERE "users"."id" = $1 LIMIT $2[0m  [["id", 2], ["LIMIT", 1]]
Completed 200 OK in 2ms (Views: 0.4ms | ActiveRecord: 0.3ms)


Started GET "/bottles" for 127.0.0.1 at 2018-03-11 21:48:18 -0400
Processing by BottlesController#index as HTML
  [1m[36mUser Load (0.2ms)[0m  [1m[34mSELECT  "users".* FROM "users" WHERE "users"."id" = $1 LIMIT $2[0m  [["id", 2], ["LIMIT", 1]]
Completed 200 OK in 1ms (Views: 0.2ms | ActiveRecord: 0.2ms)


Started GET "/isLoggedIn" for 127.0.0.1 at 2018-03-11 21:49:19 -0400
Processing by UsersController#is_logged_in as HTML
  [1m[36mUser Load (0.2ms)[0m  [1m[34mSELECT  "users".* FROM "users" WHERE "users"."id" = $1 LIMIT $2[0m  [["id", 2], ["LIMIT", 1]]
Completed 200 OK in 2ms (Views: 0.4ms | ActiveRecord: 0.2ms)


Started GET "/isLoggedIn" for 127.0.0.1 at 2018-03-11 22:30:01 -0400
Processing by UsersController#is_logged_in as HTML
  [1m[36mUser Load (0.2ms)[0m  [1m[34mSELECT  "users".* FROM "users" WHERE "users"."id" = $1 LIMIT $2[0m  [["id", 2], ["LIMIT", 1]]
Completed 200 OK in 12ms (Views: 0.4ms | ActiveRecord: 0.2ms)


Started GET "/isLoggedIn" for 127.0.0.1 at 2018-03-11 22:30:28 -0400
Processing by UsersController#is_logged_in as HTML
  [1m[36mUser Load (0.2ms)[0m  [1m[34mSELECT  "users".* FROM "users" WHERE "users"."id" = $1 LIMIT $2[0m  [["id", 2], ["LIMIT", 1]]
Completed 200 OK in 2ms (Views: 0.3ms | ActiveRecord: 0.2ms)


Started GET "/isLoggedIn" for 127.0.0.1 at 2018-03-11 23:20:50 -0400
Processing by UsersController#is_logged_in as HTML
  [1m[36mUser Load (0.2ms)[0m  [1m[34mSELECT  "users".* FROM "users" WHERE "users"."id" = $1 LIMIT $2[0m  [["id", 2], ["LIMIT", 1]]
Completed 200 OK in 2ms (Views: 0.4ms | ActiveRecord: 0.2ms)


  [1m[35m (0.1ms)[0m  [1m[35mBEGIN[0m
  [1m[36mUser Load (0.4ms)[0m  [1m[34mSELECT  "users".* FROM "users" WHERE "users"."id" = $1 LIMIT $2[0m  [["id", 2], ["LIMIT", 1]]
  [1m[35mSQL (24.1ms)[0m  [1m[32mINSERT INTO "posts" ("description", "image_url", "user_id", "created_at", "updated_at") VALUES ($1, $2, $3, $4, $5) RETURNING "id"[0m  [["description", "This is a test post"], ["image_url", "ddccecf"], ["user_id", 2], ["created_at", "2018-03-12 03:28:39.394912"], ["updated_at", "2018-03-12 03:28:39.394912"]]
  [1m[35m (1.0ms)[0m  [1m[35mCOMMIT[0m
  [1m[36mPost Load (0.3ms)[0m  [1m[34mSELECT  "posts".* FROM "posts" LIMIT $1[0m  [["LIMIT", 11]]
Started POST "/users/login" for 127.0.0.1 at 2018-03-11 23:49:01 -0400
  [1m[35m (0.5ms)[0m  [1m[34mSELECT "schema_migrations"."version" FROM "schema_migrations" ORDER BY "schema_migrations"."version" ASC[0m
Processing by UsersController#login as HTML
  Parameters: {"username"=>"hellotest", "password"=>"[FILTERED]", "user"=>{"username"=>"hellotest"}}
  [1m[36mUser Load (0.4ms)[0m  [1m[34mSELECT  "users".* FROM "users" WHERE "users"."username" = $1 LIMIT $2[0m  [["username", "hellotest"], ["LIMIT", 1]]
Completed 200 OK in 81ms (Views: 0.5ms | ActiveRecord: 4.1ms)


Started GET "/isLoggedIn" for 127.0.0.1 at 2018-03-11 23:49:03 -0400
Processing by UsersController#is_logged_in as HTML
  [1m[36mUser Load (0.3ms)[0m  [1m[34mSELECT  "users".* FROM "users" WHERE "users"."id" = $1 LIMIT $2[0m  [["id", 1], ["LIMIT", 1]]
Completed 200 OK in 13ms (Views: 0.4ms | ActiveRecord: 5.2ms)


Started GET "/bottles" for 127.0.0.1 at 2018-03-11 23:49:10 -0400
Processing by BottlesController#index as HTML
  [1m[36mUser Load (0.3ms)[0m  [1m[34mSELECT  "users".* FROM "users" WHERE "users"."id" = $1 LIMIT $2[0m  [["id", 1], ["LIMIT", 1]]
Completed 200 OK in 2ms (Views: 0.2ms | ActiveRecord: 0.3ms)


Started GET "/posts" for 127.0.0.1 at 2018-03-11 23:52:51 -0400
  
ActionController::RoutingError (No route matches [GET] "/posts"):
  
actionpack (5.1.5) lib/action_dispatch/middleware/debug_exceptions.rb:63:in `call'
actionpack (5.1.5) lib/action_dispatch/middleware/show_exceptions.rb:31:in `call'
railties (5.1.5) lib/rails/rack/logger.rb:36:in `call_app'
railties (5.1.5) lib/rails/rack/logger.rb:24:in `block in call'
activesupport (5.1.5) lib/active_support/tagged_logging.rb:69:in `block in tagged'
activesupport (5.1.5) lib/active_support/tagged_logging.rb:26:in `tagged'
activesupport (5.1.5) lib/active_support/tagged_logging.rb:69:in `tagged'
railties (5.1.5) lib/rails/rack/logger.rb:24:in `call'
actionpack (5.1.5) lib/action_dispatch/middleware/remote_ip.rb:79:in `call'
actionpack (5.1.5) lib/action_dispatch/middleware/request_id.rb:25:in `call'
rack (2.0.4) lib/rack/runtime.rb:22:in `call'
activesupport (5.1.5) lib/active_support/cache/strategy/local_cache_middleware.rb:27:in `call'
actionpack (5.1.5) lib/action_dispatch/middleware/executor.rb:12:in `call'
actionpack (5.1.5) lib/action_dispatch/middleware/static.rb:125:in `call'
rack (2.0.4) lib/rack/sendfile.rb:111:in `call'
rack-cors (1.0.2) lib/rack/cors.rb:97:in `call'
railties (5.1.5) lib/rails/engine.rb:522:in `call'
puma (3.11.3) lib/puma/configuration.rb:225:in `call'
puma (3.11.3) lib/puma/server.rb:624:in `handle_request'
puma (3.11.3) lib/puma/server.rb:438:in `process_client'
puma (3.11.3) lib/puma/server.rb:302:in `block in run'
puma (3.11.3) lib/puma/thread_pool.rb:120:in `block in spawn_thread'
Started GET "/isLoggedIn" for 127.0.0.1 at 2018-03-12 00:02:46 -0400
  [1m[35m (0.5ms)[0m  [1m[34mSELECT "schema_migrations"."version" FROM "schema_migrations" ORDER BY "schema_migrations"."version" ASC[0m
Processing by UsersController#is_logged_in as HTML
Completed 401 Unauthorized in 0ms (Views: 0.1ms | ActiveRecord: 0.0ms)


Started POST "/users/login" for 127.0.0.1 at 2018-03-12 00:03:04 -0400
Processing by UsersController#login as HTML
  Parameters: {"username"=>"hellotest", "password"=>"[FILTERED]", "user"=>{"username"=>"hellotest"}}
  [1m[36mUser Load (0.4ms)[0m  [1m[34mSELECT  "users".* FROM "users" WHERE "users"."username" = $1 LIMIT $2[0m  [["username", "hellotest"], ["LIMIT", 1]]
Completed 200 OK in 82ms (Views: 0.6ms | ActiveRecord: 12.6ms)


Started GET "/isLoggedIn" for 127.0.0.1 at 2018-03-12 00:03:05 -0400
Processing by UsersController#is_logged_in as HTML
  [1m[36mUser Load (0.2ms)[0m  [1m[34mSELECT  "users".* FROM "users" WHERE "users"."id" = $1 LIMIT $2[0m  [["id", 1], ["LIMIT", 1]]
Completed 200 OK in 3ms (Views: 0.4ms | ActiveRecord: 0.2ms)


Started GET "/posts" for 127.0.0.1 at 2018-03-12 00:03:07 -0400
  
SyntaxError (/Users/skylerdavis/Desktop/Homeworks/barterME/server/app/controllers/posts_controller.rb:18: syntax error, unexpected '=', expecting keyword_end
      render :plain = 'Post created!'
                    ^
/Users/skylerdavis/Desktop/Homeworks/barterME/server/app/controllers/posts_controller.rb:32: syntax error, unexpected '=', expecting keyword_end
      render :plain = 'Post updated!'
                    ^
/Users/skylerdavis/Desktop/Homeworks/barterME/server/app/controllers/posts_controller.rb:50: syntax error, unexpected '=', expecting keyword_end
    render :plain = " Post #{@post.id} has been ...
                  ^):
  
app/controllers/posts_controller.rb:18: syntax error, unexpected '=', expecting keyword_end
app/controllers/posts_controller.rb:32: syntax error, unexpected '=', expecting keyword_end
app/controllers/posts_controller.rb:50: syntax error, unexpected '=', expecting keyword_end
Started POST "/users/login" for 127.0.0.1 at 2018-03-12 00:13:34 -0400
Processing by UsersController#login as HTML
  Parameters: {"username"=>"hellotest", "password"=>"[FILTERED]", "user"=>{"username"=>"hellotest"}}
  [1m[36mUser Load (0.7ms)[0m  [1m[34mSELECT  "users".* FROM "users" WHERE "users"."username" = $1 LIMIT $2[0m  [["username", "hellotest"], ["LIMIT", 1]]
Completed 200 OK in 87ms (Views: 1.0ms | ActiveRecord: 6.3ms)


Started GET "/bottles" for 127.0.0.1 at 2018-03-12 00:13:44 -0400
Processing by BottlesController#index as HTML
  [1m[36mUser Load (0.5ms)[0m  [1m[34mSELECT  "users".* FROM "users" WHERE "users"."id" = $1 LIMIT $2[0m  [["id", 1], ["LIMIT", 1]]
Completed 200 OK in 2ms (Views: 0.1ms | ActiveRecord: 0.5ms)


Started GET "/posts" for 127.0.0.1 at 2018-03-12 00:13:45 -0400
  
SyntaxError (/Users/skylerdavis/Desktop/Homeworks/barterME/server/app/controllers/posts_controller.rb:18: syntax error, unexpected tSTRING_BEG, expecting keyword_end
      render :plain 'Post created!'
                    ^
/Users/skylerdavis/Desktop/Homeworks/barterME/server/app/controllers/posts_controller.rb:32: syntax error, unexpected tSTRING_BEG, expecting keyword_end
      render :plain 'Post updated!'
                    ^
/Users/skylerdavis/Desktop/Homeworks/barterME/server/app/controllers/posts_controller.rb:50: syntax error, unexpected tSTRING_BEG, expecting keyword_end
    render :plain " Post #{@post.id} has been de...
                  ^):
  
app/controllers/posts_controller.rb:18: syntax error, unexpected tSTRING_BEG, expecting keyword_end
app/controllers/posts_controller.rb:32: syntax error, unexpected tSTRING_BEG, expecting keyword_end
app/controllers/posts_controller.rb:50: syntax error, unexpected tSTRING_BEG, expecting keyword_end
Started GET "/isLoggedIn" for 127.0.0.1 at 2018-03-12 00:17:59 -0400
Processing by UsersController#is_logged_in as HTML
Completed 401 Unauthorized in 0ms (Views: 0.1ms | ActiveRecord: 0.0ms)


Started POST "/users/login" for 127.0.0.1 at 2018-03-12 00:18:09 -0400
Processing by UsersController#login as HTML
  Parameters: {"username"=>"hellotest", "password"=>"[FILTERED]", "user"=>{"username"=>"hellotest"}}
  [1m[36mUser Load (0.3ms)[0m  [1m[34mSELECT  "users".* FROM "users" WHERE "users"."username" = $1 LIMIT $2[0m  [["username", "hellotest"], ["LIMIT", 1]]
Completed 200 OK in 80ms (Views: 0.5ms | ActiveRecord: 3.9ms)


Started GET "/isLoggedIn" for 127.0.0.1 at 2018-03-12 00:18:11 -0400
Processing by UsersController#is_logged_in as HTML
  [1m[36mUser Load (0.4ms)[0m  [1m[34mSELECT  "users".* FROM "users" WHERE "users"."id" = $1 LIMIT $2[0m  [["id", 1], ["LIMIT", 1]]
Completed 200 OK in 2ms (Views: 0.4ms | ActiveRecord: 0.4ms)


Started GET "/posts" for 127.0.0.1 at 2018-03-12 00:18:12 -0400
Processing by PostsController#index as HTML
  [1m[36mUser Load (0.3ms)[0m  [1m[34mSELECT  "users".* FROM "users" WHERE "users"."id" = $1 LIMIT $2[0m  [["id", 1], ["LIMIT", 1]]
Completed 500 Internal Server Error in 3ms (ActiveRecord: 0.3ms)


  
NameError (uninitialized constant PostsController::Posts):
  
app/controllers/posts_controller.rb:40:in `index'
Started GET "/isLoggedIn" for 127.0.0.1 at 2018-03-12 00:18:58 -0400
Processing by UsersController#is_logged_in as HTML
  [1m[36mUser Load (0.3ms)[0m  [1m[34mSELECT  "users".* FROM "users" WHERE "users"."id" = $1 LIMIT $2[0m  [["id", 1], ["LIMIT", 1]]
Completed 200 OK in 12ms (Views: 0.5ms | ActiveRecord: 0.3ms)


Started GET "/posts" for 127.0.0.1 at 2018-03-12 00:19:00 -0400
Processing by PostsController#index as HTML
  [1m[36mUser Load (0.3ms)[0m  [1m[34mSELECT  "users".* FROM "users" WHERE "users"."id" = $1 LIMIT $2[0m  [["id", 1], ["LIMIT", 1]]
  [1m[36mPost Load (6.7ms)[0m  [1m[34mSELECT "posts".* FROM "posts"[0m
Completed 200 OK in 24ms (Views: 6.2ms | ActiveRecord: 10.8ms)


